<?xml version="1.0" encoding="UTF-8"?>
<testng-results skipped="0" failed="0" ignored="0" total="1" passed="1">
  <reporter-output>
  </reporter-output>
  <suite name="Default suite" duration-ms="44554" started-at="2020-02-18T15:05:30 IST" finished-at="2020-02-18T15:06:14 IST">
    <groups>
    </groups>
    <test name="Default test" duration-ms="44554" started-at="2020-02-18T15:05:30 IST" finished-at="2020-02-18T15:06:14 IST">
      <class name="tc.oneCase">
        <test-method status="PASS" signature="Ebay()[pri:0, instance:tc.oneCase@5ec0a365]" name="Ebay" duration-ms="44472" started-at="2020-02-18T15:05:30 IST" finished-at="2020-02-18T15:06:14 IST">
          <reporter-output>
          </reporter-output>
        </test-method> <!-- Ebay -->
      </class> <!-- tc.oneCase -->
    </test> <!-- Default test -->
  </suite> <!-- Default suite -->
</testng-results>
